<?xml version="1.0" encoding="UTF-8"?>
<testsuite xmlns:xsi="http://www.w3.org/2001/XMLSchema-instance" xsi:schemaLocation="https://maven.apache.org/surefire/maven-surefire-plugin/xsd/surefire-test-report.xsd" name="TestSuite" time="80.981" tests="3" errors="0" skipped="0" failures="0">
  <properties>
[...]
</properties>
  <testcase name="filterSearchResult" classname="com.automation.andres.leon.tests.TestCarnival" time="31.281"/>
  <testcase name="searchCruises" classname="com.automation.andres.leon.tests.TestCarnival" time="10.654"/>
  <testcase name="viewTripDetails" classname="com.automation.andres.leon.tests.TestCarnival" time="16.239"/>
</testsuite>