<?xml version="1.0" encoding="UTF-8"?>
<!-- Generated by org.testng.reporters.JUnitXMLReporter -->
<testsuite ignored="2" hostname="iMac-de-Felipe.local" failures="0" tests="1" name="User story 02" time="24.693" errors="0" timestamp="2021-04-09T05:27:38 COT">
  <testcase classname="com.automation.andres.leon.tests.TestCarnival" name="viewTripDetails" time="16.24"/>
  <testcase classname="com.automation.andres.leon.tests.TestCarnival" name="searchCruises" time="0.0">
    <ignored/>
  </testcase> <!-- searchCruises -->
  <testcase classname="com.automation.andres.leon.tests.TestCarnival" name="filterSearchResult" time="0.0">
    <ignored/>
  </testcase> <!-- filterSearchResult -->
</testsuite> <!-- User story 02 -->
