<?xml version="1.0" encoding="UTF-8"?>
<!-- Generated by org.testng.reporters.JUnitXMLReporter -->
<testsuite ignored="1" hostname="iMac-de-Felipe.local" failures="0" tests="2" name="User story 01" time="55.151" errors="0" timestamp="2021-04-09T05:27:13 COT">
  <testcase classname="com.automation.andres.leon.tests.TestCarnival" name="filterSearchResult" time="31.28"/>
  <testcase classname="com.automation.andres.leon.tests.TestCarnival" name="searchCruises" time="10.655"/>
  <testcase classname="com.automation.andres.leon.tests.TestCarnival" name="viewTripDetails" time="0.0">
    <ignored/>
  </testcase> <!-- viewTripDetails -->
</testsuite> <!-- User story 01 -->
